example/build/app/outputs/logs/manifest-merger-debug-report.txt
-- Merging decision tree log ---
manifest
ADDED from src/main/AndroidManifest.xml:1:1-27:12
INJECTED from src/main/AndroidManifest.xml:1:1-27:12
INJECTED from src/main/AndroidManifest.xml:1:1-27:12
INJECTED from src/main/AndroidManifest.xml:1:1-27:12
MERGED from [:video_player] AndroidManifest.xml:2:1-7:12
MERGED from [com.google.android.exoplayer:exoplayer-hls:2.9.6] AndroidManifest.xml:17:1-24:12
MERGED from [com.google.android.exoplayer:exoplayer-dash:2.9.6] AndroidManifest.xml:17:1-24:12
MERGED from [com.google.android.exoplayer:exoplayer-smoothstreaming:2.9.6] AndroidManifest.xml:17:1-24:12
MERGED from [com.google.android.exoplayer:exoplayer-core:2.9.6] AndroidManifest.xml:17:1-26:12
INJECTED from src/main/AndroidManifest.xml:1:1-27:12
INJECTED from src/main/AndroidManifest.xml:1:1-27:12
INJECTED from src/main/AndroidManifest.xml:1:1-27:12
	package
		ADDED from src/main/AndroidManifest.xml:2:5-52
		INJECTED from src/main/AndroidManifest.xml
		INJECTED from src/main/AndroidManifest.xml
	android:versionName
		INJECTED from src/main/AndroidManifest.xml
		ADDED from src/main/AndroidManifest.xml:1:1-27:12
		INJECTED from src/main/AndroidManifest.xml
	android:versionCode
		INJECTED from src/main/AndroidManifest.xml
		ADDED from src/main/AndroidManifest.xml:1:1-27:12
		INJECTED from src/main/AndroidManifest.xml
	xmlns:android
		ADDED from src/main/AndroidManifest.xml:1:11-69
uses-permission#android.permission.INTERNET
ADDED from src/main/AndroidManifest.xml:4:5-66
	android:name
		ADDED from src/main/AndroidManifest.xml:4:22-64
application
ADDED from src/main/AndroidManifest.xml:6:5-26:19
	android:label
		ADDED from src/main/AndroidManifest.xml:8:9-45
	android:icon
		ADDED from src/main/AndroidManifest.xml:9:9-43
	android:networkSecurityConfig
		ADDED from src/main/AndroidManifest.xml:10:9-69
	android:name
		ADDED from src/main/AndroidManifest.xml:7:9-57
activity#io.flutter.plugins.videoplayerexample.MainActivity
ADDED from src/main/AndroidManifest.xml:11:9-25:20
	android:launchMode
		ADDED from src/main/AndroidManifest.xml:13:13-43
	android:hardwareAccelerated
		ADDED from src/main/AndroidManifest.xml:16:13-47
	android:windowSoftInputMode
		ADDED from src/main/AndroidManifest.xml:17:13-55
	android:configChanges
		ADDED from src/main/AndroidManifest.xml:15:13-106
	android:theme
		ADDED from src/main/AndroidManifest.xml:14:13-47
	android:name
		ADDED from src/main/AndroidManifest.xml:12:13-41
meta-data#io.flutter.app.android.SplashScreenUntilFirstFrame
ADDED from src/main/AndroidManifest.xml:18:13-20:40
	android:value
		ADDED from src/main/AndroidManifest.xml:20:17-37
	android:name
		ADDED from src/main/AndroidManifest.xml:19:17-82
intent-filter#action:name:android.intent.action.MAIN+category:name:android.intent.category.LAUNCHER
ADDED from src/main/AndroidManifest.xml:21:13-24:29
action#android.intent.action.MAIN
ADDED from src/main/AndroidManifest.xml:22:17-68
	android:name
		ADDED from src/main/AndroidManifest.xml:22:25-66
category#android.intent.category.LAUNCHER
ADDED from src/main/AndroidManifest.xml:23:17-76
	android:name
		ADDED from src/main/AndroidManifest.xml:23:27-74
uses-sdk
INJECTED from src/main/AndroidManifest.xml reason: use-sdk injection requested
INJECTED from src/main/AndroidManifest.xml
INJECTED from src/main/AndroidManifest.xml
MERGED from [:video_player] AndroidManifest.xml:5:5-44
MERGED from [:video_player] AndroidManifest.xml:5:5-44
MERGED from [com.google.android.exoplayer:exoplayer-hls:2.9.6] AndroidManifest.xml:20:5-22:41
MERGED from [com.google.android.exoplayer:exoplayer-hls:2.9.6] AndroidManifest.xml:20:5-22:41
MERGED from [com.google.android.exoplayer:exoplayer-dash:2.9.6] AndroidManifest.xml:20:5-22:41
MERGED from [com.google.android.exoplayer:exoplayer-dash:2.9.6] AndroidManifest.xml:20:5-22:41
MERGED from [com.google.android.exoplayer:exoplayer-smoothstreaming:2.9.6] AndroidManifest.xml:20:5-22:41
MERGED from [com.google.android.exoplayer:exoplayer-smoothstreaming:2.9.6] AndroidManifest.xml:20:5-22:41
MERGED from [com.google.android.exoplayer:exoplayer-core:2.9.6] AndroidManifest.xml:20:5-22:41
MERGED from [com.google.android.exoplayer:exoplayer-core:2.9.6] AndroidManifest.xml:20:5-22:41
INJECTED from src/main/AndroidManifest.xml
INJECTED from src/main/AndroidManifest.xml
	android:targetSdkVersion
		INJECTED from src/main/AndroidManifest.xml
		ADDED from src/main/AndroidManifest.xml
		INJECTED from src/main/AndroidManifest.xml
	android:minSdkVersion
		INJECTED from src/main/AndroidManifest.xml
		ADDED from src/main/AndroidManifest.xml
		INJECTED from src/main/AndroidManifest.xml
uses-permission#android.permission.ACCESS_NETWORK_STATE
ADDED from [com.google.android.exoplayer:exoplayer-core:2.9.6] AndroidManifest.xml:24:5-79
	android:name
		ADDED from [com.google.android.exoplayer:exoplayer-core:2.9.6] AndroidManifest.xml:24:22-76